[
  {
    "test": "tests.modul.test_modul_quiz (unittest.loader._FailedTest.tests.modul.test_modul_quiz)",
    "status": "ERROR",
    "error": "ImportError: Failed to import test module: tests.modul.test_modul_quiz\nTraceback (most recent call last):\n  File \"/usr/lib/python3.12/unittest/loader.py\", line 394, in _find_test_path\n    module = self._get_module_from_name(name)\n             ^^^^^^^^^^^^^^^^^^^^^^^^^^^^^^^^\n  File \"/usr/lib/python3.12/unittest/loader.py\", line 337, in _get_module_from_name\n    __import__(name)\n  File \"/home/minadroid/Uni/StudIQ/src/server/tests/modul/test_modul_quiz.py\", line 8, in <module>\n    from server.accounts import serializers\nModuleNotFoundError: No module named 'server'\n\n",
    "time": "2026-01-13 09:55:14.343142"
  },
  {
    "test": "test_create_and_get_quiz_succeeds (tests.integration.test_integration_acc.TestIntegrationAccounts.test_create_and_get_quiz_succeeds)",
    "status": "FAILURE",
    "error": "Traceback (most recent call last):\n  File \"/home/minadroid/Uni/StudIQ/src/server/tests/integration/test_integration_acc.py\", line 133, in test_create_and_get_quiz_succeeds\n    self.assertEqual(response.status_code, 201)\nAssertionError: 400 != 201\n",
    "time": "2026-01-13 09:55:16.606667"
  },
  {
    "test": "test_login_invalid_credentials_fails (tests.integration.test_integration_acc.TestIntegrationAccounts.test_login_invalid_credentials_fails)",
    "status": "SUCCESS",
    "time": "2026-01-13 09:55:17.871929"
  },
  {
    "test": "test_me_view_authenticated (tests.integration.test_integration_acc.TestIntegrationAccounts.test_me_view_authenticated)",
    "status": "SUCCESS",
    "time": "2026-01-13 09:55:19.340147"
  },
  {
    "test": "test_me_view_requires_authentication (tests.integration.test_integration_acc.TestIntegrationAccounts.test_me_view_requires_authentication)",
    "status": "SUCCESS",
    "time": "2026-01-13 09:55:20.195872"
  },
  {
    "test": "test_register_user_invalid_fails (tests.integration.test_integration_acc.TestIntegrationAccounts.test_register_user_invalid_fails)",
    "status": "SUCCESS",
    "time": "2026-01-13 09:55:21.167555"
  },
  {
    "test": "test_register_user_success (tests.integration.test_integration_acc.TestIntegrationAccounts.test_register_user_success)",
    "status": "ERROR",
    "error": "Traceback (most recent call last):\n  File \"/home/minadroid/Uni/StudIQ/src/server/tests/integration/test_integration_acc.py\", line 33, in test_register_user_success\n    response = self.client.post(\"/api/auth/register/\", data, format=\"json\")\n               ^^^^^^^^^^^^^^^^^^^^^^^^^^^^^^^^^^^^^^^^^^^^^^^^^^^^^^^^^^^^\n  File \"/home/minadroid/venvs/venv-Studiq/lib/python3.12/site-packages/rest_framework/test.py\", line 299, in post\n    response = super().post(\n               ^^^^^^^^^^^^^\n  File \"/home/minadroid/venvs/venv-Studiq/lib/python3.12/site-packages/rest_framework/test.py\", line 212, in post\n    data, content_type = self._encode_data(data, format, content_type)\n                         ^^^^^^^^^^^^^^^^^^^^^^^^^^^^^^^^^^^^^^^^^^^^^\n  File \"/home/minadroid/venvs/venv-Studiq/lib/python3.12/site-packages/rest_framework/test.py\", line 183, in _encode_data\n    ret = renderer.render(data)\n          ^^^^^^^^^^^^^^^^^^^^^\n  File \"/home/minadroid/venvs/venv-Studiq/lib/python3.12/site-packages/rest_framework/renderers.py\", line 100, in render\n    ret = json.dumps(\n          ^^^^^^^^^^^\n  File \"/home/minadroid/venvs/venv-Studiq/lib/python3.12/site-packages/rest_framework/utils/json.py\", line 25, in dumps\n    return json.dumps(*args, **kwargs)\n           ^^^^^^^^^^^^^^^^^^^^^^^^^^^\n  File \"/usr/lib/python3.12/json/__init__.py\", line 238, in dumps\n    **kw).encode(obj)\n          ^^^^^^^^^^^\n  File \"/usr/lib/python3.12/json/encoder.py\", line 200, in encode\n    chunks = self.iterencode(o, _one_shot=True)\n             ^^^^^^^^^^^^^^^^^^^^^^^^^^^^^^^^^^\n  File \"/usr/lib/python3.12/json/encoder.py\", line 258, in iterencode\n    return _iterencode(o, 0)\n           ^^^^^^^^^^^^^^^^^\n  File \"/home/minadroid/venvs/venv-Studiq/lib/python3.12/site-packages/rest_framework/utils/encoders.py\", line 67, in default\n    return super().default(obj)\n           ^^^^^^^^^^^^^^^^^^^^\n  File \"/usr/lib/python3.12/json/encoder.py\", line 180, in default\n    raise TypeError(f'Object of type {o.__class__.__name__} '\nTypeError: Object of type Studiengang is not JSON serializable\n",
    "time": "2026-01-13 09:55:22.065037"
  },
  {
    "test": "test_valid_login_succeeds (tests.integration.test_integration_acc.TestIntegrationAccounts.test_valid_login_succeeds)",
    "status": "SUCCESS",
    "time": "2026-01-13 09:55:23.756637"
  },
  {
    "test": "test_valid_logout_succeeds (tests.integration.test_integration_acc.TestIntegrationAccounts.test_valid_logout_succeeds)",
    "status": "SUCCESS",
    "time": "2026-01-13 09:55:25.802381"
  },
  {
    "test": "test_create_new_session_succeeds (tests.integration.test_integration_quiz.TestIntegrationQuiz.test_create_new_session_succeeds)",
    "status": "SUCCESS",
    "time": "2026-01-13 09:55:27.544842"
  },
  {
    "test": "test_only_creator_can_delete_quiz (tests.integration.test_integration_quiz.TestIntegrationQuiz.test_only_creator_can_delete_quiz)",
    "status": "SUCCESS",
    "time": "2026-01-13 09:55:29.491137"
  },
  {
    "test": "test_quiz_create_sets_created_by_automatically (tests.integration.test_integration_quiz.TestIntegrationQuiz.test_quiz_create_sets_created_by_automatically)",
    "status": "FAILURE",
    "error": "Traceback (most recent call last):\n  File \"/home/minadroid/Uni/StudIQ/src/server/tests/integration/test_integration_quiz.py\", line 75, in test_quiz_create_sets_created_by_automatically\n    self.assertEqual(response.status_code, status.HTTP_201_CREATED)\nAssertionError: 400 != 201\n",
    "time": "2026-01-13 09:55:30.832918"
  },
  {
    "test": "test_update_quiz_unauthenticated_user_forbidden (tests.integration.test_integration_quiz.TestIntegrationQuiz.test_update_quiz_unauthenticated_user_forbidden)",
    "status": "SUCCESS",
    "time": "2026-01-13 09:55:32.253829"
  },
  {
    "test": "test_search_filters_by_quizzes (tests.integration.test_integration_quiz.TestSearchView.test_search_filters_by_quizzes)",
    "status": "SUCCESS",
    "time": "2026-01-13 09:55:33.295661"
  },
  {
    "test": "test_creating_new_valid_user_suceeds (tests.modul.test_modul_acc.TestAccounts.test_creating_new_valid_user_suceeds)",
    "status": "SUCCESS",
    "time": "2026-01-13 09:55:33.929800"
  },
  {
    "test": "test_creating_user_with_existing_username_fails (tests.modul.test_modul_acc.TestAccounts.test_creating_user_with_existing_username_fails)",
    "status": "SUCCESS",
    "time": "2026-01-13 09:55:34.215950"
  },
  {
    "test": "test_friendrequest_to_unknown_user_fails (tests.modul.test_modul_acc.TestAccounts.test_friendrequest_to_unknown_user_fails)",
    "status": "FAILURE",
    "error": "Traceback (most recent call last):\n  File \"/home/minadroid/Uni/StudIQ/src/server/tests/modul/test_modul_acc.py\", line 80, in test_friendrequest_to_unknown_user_fails\n    self.assertFalse(serializer.is_valid(), serializer.errors)\nAssertionError: True is not false : {}\n",
    "time": "2026-01-13 09:55:34.282798"
  },
  {
    "test": "test_login_with_invalid_credentials_fails (tests.modul.test_modul_acc.TestAccounts.test_login_with_invalid_credentials_fails)",
    "status": "SUCCESS",
    "time": "2026-01-13 09:55:34.763110"
  },
  {
    "test": "test_login_with_valid_credentials_succeeds (tests.modul.test_modul_acc.TestAccounts.test_login_with_valid_credentials_succeeds)",
    "status": "SUCCESS",
    "time": "2026-01-13 09:55:34.825419"
  },
  {
    "test": "test_missing_stdiengang_fails (tests.modul.test_modul_acc.TestAccounts.test_missing_stdiengang_fails)",
    "status": "SUCCESS",
    "time": "2026-01-13 09:55:34.890605"
  },
  {
    "test": "test_warning_on_weak_password (tests.modul.test_modul_acc.TestAccounts.test_warning_on_weak_password)",
    "status": "SUCCESS",
    "time": "2026-01-13 09:55:35.186993"
  }
]