[
  {
    "test": "test_create_and_get_quiz (tests.integration.test_integration_acc.TestIntegrationAccounts.test_create_and_get_quiz)",
    "status": "ERROR",
    "error": "Traceback (most recent call last):\n  File \"/home/minadroid/Uni/StudIQ/src/server/tests/integration/test_integration_acc.py\", line 25, in setUp\n    self.modul = Modul.objects.create(name=\"Modul 101\", modulId=\"M101\", semester=1, credits=5)\n                 ^^^^^^^^^^^^^^^^^^^^^^^^^^^^^^^^^^^^^^^^^^^^^^^^^^^^^^^^^^^^^^^^^^^^^^^^^^^^^\n  File \"/home/minadroid/venvs/venv-Studiq/lib/python3.12/site-packages/django/db/models/manager.py\", line 87, in manager_method\n    return getattr(self.get_queryset(), name)(*args, **kwargs)\n           ^^^^^^^^^^^^^^^^^^^^^^^^^^^^^^^^^^^^^^^^^^^^^^^^^^^\n  File \"/home/minadroid/venvs/venv-Studiq/lib/python3.12/site-packages/django/db/models/query.py\", line 661, in create\n    obj = self.model(**kwargs)\n          ^^^^^^^^^^^^^^^^^^^^\n  File \"/home/minadroid/venvs/venv-Studiq/lib/python3.12/site-packages/django/db/models/base.py\", line 569, in __init__\n    raise TypeError(\nTypeError: Modul() got unexpected keyword arguments: 'semester'\n",
    "time": "2025-12-15 17:11:58.785567"
  },
  {
    "test": "test_login_invalid_credentials (tests.integration.test_integration_acc.TestIntegrationAccounts.test_login_invalid_credentials)",
    "status": "ERROR",
    "error": "Traceback (most recent call last):\n  File \"/home/minadroid/Uni/StudIQ/src/server/tests/integration/test_integration_acc.py\", line 25, in setUp\n    self.modul = Modul.objects.create(name=\"Modul 101\", modulId=\"M101\", semester=1, credits=5)\n                 ^^^^^^^^^^^^^^^^^^^^^^^^^^^^^^^^^^^^^^^^^^^^^^^^^^^^^^^^^^^^^^^^^^^^^^^^^^^^^\n  File \"/home/minadroid/venvs/venv-Studiq/lib/python3.12/site-packages/django/db/models/manager.py\", line 87, in manager_method\n    return getattr(self.get_queryset(), name)(*args, **kwargs)\n           ^^^^^^^^^^^^^^^^^^^^^^^^^^^^^^^^^^^^^^^^^^^^^^^^^^^\n  File \"/home/minadroid/venvs/venv-Studiq/lib/python3.12/site-packages/django/db/models/query.py\", line 661, in create\n    obj = self.model(**kwargs)\n          ^^^^^^^^^^^^^^^^^^^^\n  File \"/home/minadroid/venvs/venv-Studiq/lib/python3.12/site-packages/django/db/models/base.py\", line 569, in __init__\n    raise TypeError(\nTypeError: Modul() got unexpected keyword arguments: 'semester'\n",
    "time": "2025-12-15 17:11:59.996388"
  },
  {
    "test": "test_login_success (tests.integration.test_integration_acc.TestIntegrationAccounts.test_login_success)",
    "status": "ERROR",
    "error": "Traceback (most recent call last):\n  File \"/home/minadroid/Uni/StudIQ/src/server/tests/integration/test_integration_acc.py\", line 25, in setUp\n    self.modul = Modul.objects.create(name=\"Modul 101\", modulId=\"M101\", semester=1, credits=5)\n                 ^^^^^^^^^^^^^^^^^^^^^^^^^^^^^^^^^^^^^^^^^^^^^^^^^^^^^^^^^^^^^^^^^^^^^^^^^^^^^\n  File \"/home/minadroid/venvs/venv-Studiq/lib/python3.12/site-packages/django/db/models/manager.py\", line 87, in manager_method\n    return getattr(self.get_queryset(), name)(*args, **kwargs)\n           ^^^^^^^^^^^^^^^^^^^^^^^^^^^^^^^^^^^^^^^^^^^^^^^^^^^\n  File \"/home/minadroid/venvs/venv-Studiq/lib/python3.12/site-packages/django/db/models/query.py\", line 661, in create\n    obj = self.model(**kwargs)\n          ^^^^^^^^^^^^^^^^^^^^\n  File \"/home/minadroid/venvs/venv-Studiq/lib/python3.12/site-packages/django/db/models/base.py\", line 569, in __init__\n    raise TypeError(\nTypeError: Modul() got unexpected keyword arguments: 'semester'\n",
    "time": "2025-12-15 17:12:01.240019"
  },
  {
    "test": "test_logout (tests.integration.test_integration_acc.TestIntegrationAccounts.test_logout)",
    "status": "ERROR",
    "error": "Traceback (most recent call last):\n  File \"/home/minadroid/Uni/StudIQ/src/server/tests/integration/test_integration_acc.py\", line 25, in setUp\n    self.modul = Modul.objects.create(name=\"Modul 101\", modulId=\"M101\", semester=1, credits=5)\n                 ^^^^^^^^^^^^^^^^^^^^^^^^^^^^^^^^^^^^^^^^^^^^^^^^^^^^^^^^^^^^^^^^^^^^^^^^^^^^^\n  File \"/home/minadroid/venvs/venv-Studiq/lib/python3.12/site-packages/django/db/models/manager.py\", line 87, in manager_method\n    return getattr(self.get_queryset(), name)(*args, **kwargs)\n           ^^^^^^^^^^^^^^^^^^^^^^^^^^^^^^^^^^^^^^^^^^^^^^^^^^^\n  File \"/home/minadroid/venvs/venv-Studiq/lib/python3.12/site-packages/django/db/models/query.py\", line 661, in create\n    obj = self.model(**kwargs)\n          ^^^^^^^^^^^^^^^^^^^^\n  File \"/home/minadroid/venvs/venv-Studiq/lib/python3.12/site-packages/django/db/models/base.py\", line 569, in __init__\n    raise TypeError(\nTypeError: Modul() got unexpected keyword arguments: 'semester'\n",
    "time": "2025-12-15 17:12:02.367710"
  },
  {
    "test": "test_me_view_authenticated (tests.integration.test_integration_acc.TestIntegrationAccounts.test_me_view_authenticated)",
    "status": "ERROR",
    "error": "Traceback (most recent call last):\n  File \"/home/minadroid/Uni/StudIQ/src/server/tests/integration/test_integration_acc.py\", line 25, in setUp\n    self.modul = Modul.objects.create(name=\"Modul 101\", modulId=\"M101\", semester=1, credits=5)\n                 ^^^^^^^^^^^^^^^^^^^^^^^^^^^^^^^^^^^^^^^^^^^^^^^^^^^^^^^^^^^^^^^^^^^^^^^^^^^^^\n  File \"/home/minadroid/venvs/venv-Studiq/lib/python3.12/site-packages/django/db/models/manager.py\", line 87, in manager_method\n    return getattr(self.get_queryset(), name)(*args, **kwargs)\n           ^^^^^^^^^^^^^^^^^^^^^^^^^^^^^^^^^^^^^^^^^^^^^^^^^^^\n  File \"/home/minadroid/venvs/venv-Studiq/lib/python3.12/site-packages/django/db/models/query.py\", line 661, in create\n    obj = self.model(**kwargs)\n          ^^^^^^^^^^^^^^^^^^^^\n  File \"/home/minadroid/venvs/venv-Studiq/lib/python3.12/site-packages/django/db/models/base.py\", line 569, in __init__\n    raise TypeError(\nTypeError: Modul() got unexpected keyword arguments: 'semester'\n",
    "time": "2025-12-15 17:12:03.584035"
  },
  {
    "test": "test_me_view_requires_authentication (tests.integration.test_integration_acc.TestIntegrationAccounts.test_me_view_requires_authentication)",
    "status": "ERROR",
    "error": "Traceback (most recent call last):\n  File \"/home/minadroid/Uni/StudIQ/src/server/tests/integration/test_integration_acc.py\", line 25, in setUp\n    self.modul = Modul.objects.create(name=\"Modul 101\", modulId=\"M101\", semester=1, credits=5)\n                 ^^^^^^^^^^^^^^^^^^^^^^^^^^^^^^^^^^^^^^^^^^^^^^^^^^^^^^^^^^^^^^^^^^^^^^^^^^^^^\n  File \"/home/minadroid/venvs/venv-Studiq/lib/python3.12/site-packages/django/db/models/manager.py\", line 87, in manager_method\n    return getattr(self.get_queryset(), name)(*args, **kwargs)\n           ^^^^^^^^^^^^^^^^^^^^^^^^^^^^^^^^^^^^^^^^^^^^^^^^^^^\n  File \"/home/minadroid/venvs/venv-Studiq/lib/python3.12/site-packages/django/db/models/query.py\", line 661, in create\n    obj = self.model(**kwargs)\n          ^^^^^^^^^^^^^^^^^^^^\n  File \"/home/minadroid/venvs/venv-Studiq/lib/python3.12/site-packages/django/db/models/base.py\", line 569, in __init__\n    raise TypeError(\nTypeError: Modul() got unexpected keyword arguments: 'semester'\n",
    "time": "2025-12-15 17:12:04.830506"
  },
  {
    "test": "test_register_user_invalid (tests.integration.test_integration_acc.TestIntegrationAccounts.test_register_user_invalid)",
    "status": "ERROR",
    "error": "Traceback (most recent call last):\n  File \"/home/minadroid/Uni/StudIQ/src/server/tests/integration/test_integration_acc.py\", line 25, in setUp\n    self.modul = Modul.objects.create(name=\"Modul 101\", modulId=\"M101\", semester=1, credits=5)\n                 ^^^^^^^^^^^^^^^^^^^^^^^^^^^^^^^^^^^^^^^^^^^^^^^^^^^^^^^^^^^^^^^^^^^^^^^^^^^^^\n  File \"/home/minadroid/venvs/venv-Studiq/lib/python3.12/site-packages/django/db/models/manager.py\", line 87, in manager_method\n    return getattr(self.get_queryset(), name)(*args, **kwargs)\n           ^^^^^^^^^^^^^^^^^^^^^^^^^^^^^^^^^^^^^^^^^^^^^^^^^^^\n  File \"/home/minadroid/venvs/venv-Studiq/lib/python3.12/site-packages/django/db/models/query.py\", line 661, in create\n    obj = self.model(**kwargs)\n          ^^^^^^^^^^^^^^^^^^^^\n  File \"/home/minadroid/venvs/venv-Studiq/lib/python3.12/site-packages/django/db/models/base.py\", line 569, in __init__\n    raise TypeError(\nTypeError: Modul() got unexpected keyword arguments: 'semester'\n",
    "time": "2025-12-15 17:12:05.995783"
  },
  {
    "test": "test_register_user_success (tests.integration.test_integration_acc.TestIntegrationAccounts.test_register_user_success)",
    "status": "ERROR",
    "error": "Traceback (most recent call last):\n  File \"/home/minadroid/Uni/StudIQ/src/server/tests/integration/test_integration_acc.py\", line 25, in setUp\n    self.modul = Modul.objects.create(name=\"Modul 101\", modulId=\"M101\", semester=1, credits=5)\n                 ^^^^^^^^^^^^^^^^^^^^^^^^^^^^^^^^^^^^^^^^^^^^^^^^^^^^^^^^^^^^^^^^^^^^^^^^^^^^^\n  File \"/home/minadroid/venvs/venv-Studiq/lib/python3.12/site-packages/django/db/models/manager.py\", line 87, in manager_method\n    return getattr(self.get_queryset(), name)(*args, **kwargs)\n           ^^^^^^^^^^^^^^^^^^^^^^^^^^^^^^^^^^^^^^^^^^^^^^^^^^^\n  File \"/home/minadroid/venvs/venv-Studiq/lib/python3.12/site-packages/django/db/models/query.py\", line 661, in create\n    obj = self.model(**kwargs)\n          ^^^^^^^^^^^^^^^^^^^^\n  File \"/home/minadroid/venvs/venv-Studiq/lib/python3.12/site-packages/django/db/models/base.py\", line 569, in __init__\n    raise TypeError(\nTypeError: Modul() got unexpected keyword arguments: 'semester'\n",
    "time": "2025-12-15 17:12:07.095210"
  }
]