[
  {
    "test": "test_empty_quiz (quizzes.tests.test_moduls.TestCaseMissingValues.test_empty_quiz)",
    "status": "SUCCESS",
    "time": "2025-11-17 13:57:56.033049"
  },
  {
    "test": "test_lernset_without_modul (quizzes.tests.test_moduls.TestCaseMissingValues.test_lernset_without_modul)",
    "status": "SUCCESS",
    "time": "2025-11-17 13:57:56.034211"
  },
  {
    "test": "test_missing_quiz_title (quizzes.tests.test_moduls.TestCaseMissingValues.test_missing_quiz_title)",
    "status": "SUCCESS",
    "time": "2025-11-17 13:57:56.035255"
  },
  {
    "test": "test_search_lernset_by_title (quizzes.tests.test_moduls.TestSearchbar.test_search_lernset_by_title)",
    "status": "ERROR",
    "error": "Traceback (most recent call last):\n  File \"/home/minadroid/venvs/venv-Studiq/lib/python3.12/site-packages/django/db/backends/utils.py\", line 105, in _execute\n    return self.cursor.execute(sql, params)\n           ^^^^^^^^^^^^^^^^^^^^^^^^^^^^^^^^\n  File \"/home/minadroid/venvs/venv-Studiq/lib/python3.12/site-packages/django/db/backends/sqlite3/base.py\", line 360, in execute\n    return super().execute(query, params)\n           ^^^^^^^^^^^^^^^^^^^^^^^^^^^^^^\nsqlite3.IntegrityError: NOT NULL constraint failed: quizzes_quiz.created_by_id\n\nThe above exception was the direct cause of the following exception:\n\nTraceback (most recent call last):\n  File \"/home/minadroid/Uni/StudIQ/src/server/quizzes/tests/test_moduls.py\", line 66, in setUp\n    self.quiz1 = Quiz.objects.create(title=\"Algebra Basics\", description=\"Basic algebra quiz\", lernset=self.lernset)\n                 ^^^^^^^^^^^^^^^^^^^^^^^^^^^^^^^^^^^^^^^^^^^^^^^^^^^^^^^^^^^^^^^^^^^^^^^^^^^^^^^^^^^^^^^^^^^^^^^^^^^\n  File \"/home/minadroid/venvs/venv-Studiq/lib/python3.12/site-packages/django/db/models/manager.py\", line 87, in manager_method\n    return getattr(self.get_queryset(), name)(*args, **kwargs)\n           ^^^^^^^^^^^^^^^^^^^^^^^^^^^^^^^^^^^^^^^^^^^^^^^^^^^\n  File \"/home/minadroid/venvs/venv-Studiq/lib/python3.12/site-packages/django/db/models/query.py\", line 663, in create\n    obj.save(force_insert=True, using=self.db)\n  File \"/home/minadroid/venvs/venv-Studiq/lib/python3.12/site-packages/django/db/models/base.py\", line 902, in save\n    self.save_base(\n  File \"/home/minadroid/venvs/venv-Studiq/lib/python3.12/site-packages/django/db/models/base.py\", line 1008, in save_base\n    updated = self._save_table(\n              ^^^^^^^^^^^^^^^^^\n  File \"/home/minadroid/venvs/venv-Studiq/lib/python3.12/site-packages/django/db/models/base.py\", line 1169, in _save_table\n    results = self._do_insert(\n              ^^^^^^^^^^^^^^^^\n  File \"/home/minadroid/venvs/venv-Studiq/lib/python3.12/site-packages/django/db/models/base.py\", line 1210, in _do_insert\n    return manager._insert(\n           ^^^^^^^^^^^^^^^^\n  File \"/home/minadroid/venvs/venv-Studiq/lib/python3.12/site-packages/django/db/models/manager.py\", line 87, in manager_method\n    return getattr(self.get_queryset(), name)(*args, **kwargs)\n           ^^^^^^^^^^^^^^^^^^^^^^^^^^^^^^^^^^^^^^^^^^^^^^^^^^^\n  File \"/home/minadroid/venvs/venv-Studiq/lib/python3.12/site-packages/django/db/models/query.py\", line 1868, in _insert\n    return query.get_compiler(using=using).execute_sql(returning_fields)\n           ^^^^^^^^^^^^^^^^^^^^^^^^^^^^^^^^^^^^^^^^^^^^^^^^^^^^^^^^^^^^^\n  File \"/home/minadroid/venvs/venv-Studiq/lib/python3.12/site-packages/django/db/models/sql/compiler.py\", line 1882, in execute_sql\n    cursor.execute(sql, params)\n  File \"/home/minadroid/venvs/venv-Studiq/lib/python3.12/site-packages/django/db/backends/utils.py\", line 79, in execute\n    return self._execute_with_wrappers(\n           ^^^^^^^^^^^^^^^^^^^^^^^^^^^^\n  File \"/home/minadroid/venvs/venv-Studiq/lib/python3.12/site-packages/django/db/backends/utils.py\", line 92, in _execute_with_wrappers\n    return executor(sql, params, many, context)\n           ^^^^^^^^^^^^^^^^^^^^^^^^^^^^^^^^^^^^\n  File \"/home/minadroid/venvs/venv-Studiq/lib/python3.12/site-packages/django/db/backends/utils.py\", line 100, in _execute\n    with self.db.wrap_database_errors:\n  File \"/home/minadroid/venvs/venv-Studiq/lib/python3.12/site-packages/django/db/utils.py\", line 91, in __exit__\n    raise dj_exc_value.with_traceback(traceback) from exc_value\n  File \"/home/minadroid/venvs/venv-Studiq/lib/python3.12/site-packages/django/db/backends/utils.py\", line 105, in _execute\n    return self.cursor.execute(sql, params)\n           ^^^^^^^^^^^^^^^^^^^^^^^^^^^^^^^^\n  File \"/home/minadroid/venvs/venv-Studiq/lib/python3.12/site-packages/django/db/backends/sqlite3/base.py\", line 360, in execute\n    return super().execute(query, params)\n           ^^^^^^^^^^^^^^^^^^^^^^^^^^^^^^\ndjango.db.utils.IntegrityError: NOT NULL constraint failed: quizzes_quiz.created_by_id\n",
    "time": "2025-11-17 13:57:56.103837"
  },
  {
    "test": "test_search_lernset_no_results (quizzes.tests.test_moduls.TestSearchbar.test_search_lernset_no_results)",
    "status": "ERROR",
    "error": "Traceback (most recent call last):\n  File \"/home/minadroid/venvs/venv-Studiq/lib/python3.12/site-packages/django/db/backends/utils.py\", line 105, in _execute\n    return self.cursor.execute(sql, params)\n           ^^^^^^^^^^^^^^^^^^^^^^^^^^^^^^^^\n  File \"/home/minadroid/venvs/venv-Studiq/lib/python3.12/site-packages/django/db/backends/sqlite3/base.py\", line 360, in execute\n    return super().execute(query, params)\n           ^^^^^^^^^^^^^^^^^^^^^^^^^^^^^^\nsqlite3.IntegrityError: NOT NULL constraint failed: quizzes_quiz.created_by_id\n\nThe above exception was the direct cause of the following exception:\n\nTraceback (most recent call last):\n  File \"/home/minadroid/Uni/StudIQ/src/server/quizzes/tests/test_moduls.py\", line 66, in setUp\n    self.quiz1 = Quiz.objects.create(title=\"Algebra Basics\", description=\"Basic algebra quiz\", lernset=self.lernset)\n                 ^^^^^^^^^^^^^^^^^^^^^^^^^^^^^^^^^^^^^^^^^^^^^^^^^^^^^^^^^^^^^^^^^^^^^^^^^^^^^^^^^^^^^^^^^^^^^^^^^^^\n  File \"/home/minadroid/venvs/venv-Studiq/lib/python3.12/site-packages/django/db/models/manager.py\", line 87, in manager_method\n    return getattr(self.get_queryset(), name)(*args, **kwargs)\n           ^^^^^^^^^^^^^^^^^^^^^^^^^^^^^^^^^^^^^^^^^^^^^^^^^^^\n  File \"/home/minadroid/venvs/venv-Studiq/lib/python3.12/site-packages/django/db/models/query.py\", line 663, in create\n    obj.save(force_insert=True, using=self.db)\n  File \"/home/minadroid/venvs/venv-Studiq/lib/python3.12/site-packages/django/db/models/base.py\", line 902, in save\n    self.save_base(\n  File \"/home/minadroid/venvs/venv-Studiq/lib/python3.12/site-packages/django/db/models/base.py\", line 1008, in save_base\n    updated = self._save_table(\n              ^^^^^^^^^^^^^^^^^\n  File \"/home/minadroid/venvs/venv-Studiq/lib/python3.12/site-packages/django/db/models/base.py\", line 1169, in _save_table\n    results = self._do_insert(\n              ^^^^^^^^^^^^^^^^\n  File \"/home/minadroid/venvs/venv-Studiq/lib/python3.12/site-packages/django/db/models/base.py\", line 1210, in _do_insert\n    return manager._insert(\n           ^^^^^^^^^^^^^^^^\n  File \"/home/minadroid/venvs/venv-Studiq/lib/python3.12/site-packages/django/db/models/manager.py\", line 87, in manager_method\n    return getattr(self.get_queryset(), name)(*args, **kwargs)\n           ^^^^^^^^^^^^^^^^^^^^^^^^^^^^^^^^^^^^^^^^^^^^^^^^^^^\n  File \"/home/minadroid/venvs/venv-Studiq/lib/python3.12/site-packages/django/db/models/query.py\", line 1868, in _insert\n    return query.get_compiler(using=using).execute_sql(returning_fields)\n           ^^^^^^^^^^^^^^^^^^^^^^^^^^^^^^^^^^^^^^^^^^^^^^^^^^^^^^^^^^^^^\n  File \"/home/minadroid/venvs/venv-Studiq/lib/python3.12/site-packages/django/db/models/sql/compiler.py\", line 1882, in execute_sql\n    cursor.execute(sql, params)\n  File \"/home/minadroid/venvs/venv-Studiq/lib/python3.12/site-packages/django/db/backends/utils.py\", line 79, in execute\n    return self._execute_with_wrappers(\n           ^^^^^^^^^^^^^^^^^^^^^^^^^^^^\n  File \"/home/minadroid/venvs/venv-Studiq/lib/python3.12/site-packages/django/db/backends/utils.py\", line 92, in _execute_with_wrappers\n    return executor(sql, params, many, context)\n           ^^^^^^^^^^^^^^^^^^^^^^^^^^^^^^^^^^^^\n  File \"/home/minadroid/venvs/venv-Studiq/lib/python3.12/site-packages/django/db/backends/utils.py\", line 100, in _execute\n    with self.db.wrap_database_errors:\n  File \"/home/minadroid/venvs/venv-Studiq/lib/python3.12/site-packages/django/db/utils.py\", line 91, in __exit__\n    raise dj_exc_value.with_traceback(traceback) from exc_value\n  File \"/home/minadroid/venvs/venv-Studiq/lib/python3.12/site-packages/django/db/backends/utils.py\", line 105, in _execute\n    return self.cursor.execute(sql, params)\n           ^^^^^^^^^^^^^^^^^^^^^^^^^^^^^^^^\n  File \"/home/minadroid/venvs/venv-Studiq/lib/python3.12/site-packages/django/db/backends/sqlite3/base.py\", line 360, in execute\n    return super().execute(query, params)\n           ^^^^^^^^^^^^^^^^^^^^^^^^^^^^^^\ndjango.db.utils.IntegrityError: NOT NULL constraint failed: quizzes_quiz.created_by_id\n",
    "time": "2025-11-17 13:57:56.107066"
  },
  {
    "test": "test_search_quiz_by_title (quizzes.tests.test_moduls.TestSearchbar.test_search_quiz_by_title)",
    "status": "ERROR",
    "error": "Traceback (most recent call last):\n  File \"/home/minadroid/venvs/venv-Studiq/lib/python3.12/site-packages/django/db/backends/utils.py\", line 105, in _execute\n    return self.cursor.execute(sql, params)\n           ^^^^^^^^^^^^^^^^^^^^^^^^^^^^^^^^\n  File \"/home/minadroid/venvs/venv-Studiq/lib/python3.12/site-packages/django/db/backends/sqlite3/base.py\", line 360, in execute\n    return super().execute(query, params)\n           ^^^^^^^^^^^^^^^^^^^^^^^^^^^^^^\nsqlite3.IntegrityError: NOT NULL constraint failed: quizzes_quiz.created_by_id\n\nThe above exception was the direct cause of the following exception:\n\nTraceback (most recent call last):\n  File \"/home/minadroid/Uni/StudIQ/src/server/quizzes/tests/test_moduls.py\", line 66, in setUp\n    self.quiz1 = Quiz.objects.create(title=\"Algebra Basics\", description=\"Basic algebra quiz\", lernset=self.lernset)\n                 ^^^^^^^^^^^^^^^^^^^^^^^^^^^^^^^^^^^^^^^^^^^^^^^^^^^^^^^^^^^^^^^^^^^^^^^^^^^^^^^^^^^^^^^^^^^^^^^^^^^\n  File \"/home/minadroid/venvs/venv-Studiq/lib/python3.12/site-packages/django/db/models/manager.py\", line 87, in manager_method\n    return getattr(self.get_queryset(), name)(*args, **kwargs)\n           ^^^^^^^^^^^^^^^^^^^^^^^^^^^^^^^^^^^^^^^^^^^^^^^^^^^\n  File \"/home/minadroid/venvs/venv-Studiq/lib/python3.12/site-packages/django/db/models/query.py\", line 663, in create\n    obj.save(force_insert=True, using=self.db)\n  File \"/home/minadroid/venvs/venv-Studiq/lib/python3.12/site-packages/django/db/models/base.py\", line 902, in save\n    self.save_base(\n  File \"/home/minadroid/venvs/venv-Studiq/lib/python3.12/site-packages/django/db/models/base.py\", line 1008, in save_base\n    updated = self._save_table(\n              ^^^^^^^^^^^^^^^^^\n  File \"/home/minadroid/venvs/venv-Studiq/lib/python3.12/site-packages/django/db/models/base.py\", line 1169, in _save_table\n    results = self._do_insert(\n              ^^^^^^^^^^^^^^^^\n  File \"/home/minadroid/venvs/venv-Studiq/lib/python3.12/site-packages/django/db/models/base.py\", line 1210, in _do_insert\n    return manager._insert(\n           ^^^^^^^^^^^^^^^^\n  File \"/home/minadroid/venvs/venv-Studiq/lib/python3.12/site-packages/django/db/models/manager.py\", line 87, in manager_method\n    return getattr(self.get_queryset(), name)(*args, **kwargs)\n           ^^^^^^^^^^^^^^^^^^^^^^^^^^^^^^^^^^^^^^^^^^^^^^^^^^^\n  File \"/home/minadroid/venvs/venv-Studiq/lib/python3.12/site-packages/django/db/models/query.py\", line 1868, in _insert\n    return query.get_compiler(using=using).execute_sql(returning_fields)\n           ^^^^^^^^^^^^^^^^^^^^^^^^^^^^^^^^^^^^^^^^^^^^^^^^^^^^^^^^^^^^^\n  File \"/home/minadroid/venvs/venv-Studiq/lib/python3.12/site-packages/django/db/models/sql/compiler.py\", line 1882, in execute_sql\n    cursor.execute(sql, params)\n  File \"/home/minadroid/venvs/venv-Studiq/lib/python3.12/site-packages/django/db/backends/utils.py\", line 79, in execute\n    return self._execute_with_wrappers(\n           ^^^^^^^^^^^^^^^^^^^^^^^^^^^^\n  File \"/home/minadroid/venvs/venv-Studiq/lib/python3.12/site-packages/django/db/backends/utils.py\", line 92, in _execute_with_wrappers\n    return executor(sql, params, many, context)\n           ^^^^^^^^^^^^^^^^^^^^^^^^^^^^^^^^^^^^\n  File \"/home/minadroid/venvs/venv-Studiq/lib/python3.12/site-packages/django/db/backends/utils.py\", line 100, in _execute\n    with self.db.wrap_database_errors:\n  File \"/home/minadroid/venvs/venv-Studiq/lib/python3.12/site-packages/django/db/utils.py\", line 91, in __exit__\n    raise dj_exc_value.with_traceback(traceback) from exc_value\n  File \"/home/minadroid/venvs/venv-Studiq/lib/python3.12/site-packages/django/db/backends/utils.py\", line 105, in _execute\n    return self.cursor.execute(sql, params)\n           ^^^^^^^^^^^^^^^^^^^^^^^^^^^^^^^^\n  File \"/home/minadroid/venvs/venv-Studiq/lib/python3.12/site-packages/django/db/backends/sqlite3/base.py\", line 360, in execute\n    return super().execute(query, params)\n           ^^^^^^^^^^^^^^^^^^^^^^^^^^^^^^\ndjango.db.utils.IntegrityError: NOT NULL constraint failed: quizzes_quiz.created_by_id\n",
    "time": "2025-11-17 13:57:56.110552"
  },
  {
    "test": "test_search_quiz_case_insensitive (quizzes.tests.test_moduls.TestSearchbar.test_search_quiz_case_insensitive)",
    "status": "ERROR",
    "error": "Traceback (most recent call last):\n  File \"/home/minadroid/venvs/venv-Studiq/lib/python3.12/site-packages/django/db/backends/utils.py\", line 105, in _execute\n    return self.cursor.execute(sql, params)\n           ^^^^^^^^^^^^^^^^^^^^^^^^^^^^^^^^\n  File \"/home/minadroid/venvs/venv-Studiq/lib/python3.12/site-packages/django/db/backends/sqlite3/base.py\", line 360, in execute\n    return super().execute(query, params)\n           ^^^^^^^^^^^^^^^^^^^^^^^^^^^^^^\nsqlite3.IntegrityError: NOT NULL constraint failed: quizzes_quiz.created_by_id\n\nThe above exception was the direct cause of the following exception:\n\nTraceback (most recent call last):\n  File \"/home/minadroid/Uni/StudIQ/src/server/quizzes/tests/test_moduls.py\", line 66, in setUp\n    self.quiz1 = Quiz.objects.create(title=\"Algebra Basics\", description=\"Basic algebra quiz\", lernset=self.lernset)\n                 ^^^^^^^^^^^^^^^^^^^^^^^^^^^^^^^^^^^^^^^^^^^^^^^^^^^^^^^^^^^^^^^^^^^^^^^^^^^^^^^^^^^^^^^^^^^^^^^^^^^\n  File \"/home/minadroid/venvs/venv-Studiq/lib/python3.12/site-packages/django/db/models/manager.py\", line 87, in manager_method\n    return getattr(self.get_queryset(), name)(*args, **kwargs)\n           ^^^^^^^^^^^^^^^^^^^^^^^^^^^^^^^^^^^^^^^^^^^^^^^^^^^\n  File \"/home/minadroid/venvs/venv-Studiq/lib/python3.12/site-packages/django/db/models/query.py\", line 663, in create\n    obj.save(force_insert=True, using=self.db)\n  File \"/home/minadroid/venvs/venv-Studiq/lib/python3.12/site-packages/django/db/models/base.py\", line 902, in save\n    self.save_base(\n  File \"/home/minadroid/venvs/venv-Studiq/lib/python3.12/site-packages/django/db/models/base.py\", line 1008, in save_base\n    updated = self._save_table(\n              ^^^^^^^^^^^^^^^^^\n  File \"/home/minadroid/venvs/venv-Studiq/lib/python3.12/site-packages/django/db/models/base.py\", line 1169, in _save_table\n    results = self._do_insert(\n              ^^^^^^^^^^^^^^^^\n  File \"/home/minadroid/venvs/venv-Studiq/lib/python3.12/site-packages/django/db/models/base.py\", line 1210, in _do_insert\n    return manager._insert(\n           ^^^^^^^^^^^^^^^^\n  File \"/home/minadroid/venvs/venv-Studiq/lib/python3.12/site-packages/django/db/models/manager.py\", line 87, in manager_method\n    return getattr(self.get_queryset(), name)(*args, **kwargs)\n           ^^^^^^^^^^^^^^^^^^^^^^^^^^^^^^^^^^^^^^^^^^^^^^^^^^^\n  File \"/home/minadroid/venvs/venv-Studiq/lib/python3.12/site-packages/django/db/models/query.py\", line 1868, in _insert\n    return query.get_compiler(using=using).execute_sql(returning_fields)\n           ^^^^^^^^^^^^^^^^^^^^^^^^^^^^^^^^^^^^^^^^^^^^^^^^^^^^^^^^^^^^^\n  File \"/home/minadroid/venvs/venv-Studiq/lib/python3.12/site-packages/django/db/models/sql/compiler.py\", line 1882, in execute_sql\n    cursor.execute(sql, params)\n  File \"/home/minadroid/venvs/venv-Studiq/lib/python3.12/site-packages/django/db/backends/utils.py\", line 79, in execute\n    return self._execute_with_wrappers(\n           ^^^^^^^^^^^^^^^^^^^^^^^^^^^^\n  File \"/home/minadroid/venvs/venv-Studiq/lib/python3.12/site-packages/django/db/backends/utils.py\", line 92, in _execute_with_wrappers\n    return executor(sql, params, many, context)\n           ^^^^^^^^^^^^^^^^^^^^^^^^^^^^^^^^^^^^\n  File \"/home/minadroid/venvs/venv-Studiq/lib/python3.12/site-packages/django/db/backends/utils.py\", line 100, in _execute\n    with self.db.wrap_database_errors:\n  File \"/home/minadroid/venvs/venv-Studiq/lib/python3.12/site-packages/django/db/utils.py\", line 91, in __exit__\n    raise dj_exc_value.with_traceback(traceback) from exc_value\n  File \"/home/minadroid/venvs/venv-Studiq/lib/python3.12/site-packages/django/db/backends/utils.py\", line 105, in _execute\n    return self.cursor.execute(sql, params)\n           ^^^^^^^^^^^^^^^^^^^^^^^^^^^^^^^^\n  File \"/home/minadroid/venvs/venv-Studiq/lib/python3.12/site-packages/django/db/backends/sqlite3/base.py\", line 360, in execute\n    return super().execute(query, params)\n           ^^^^^^^^^^^^^^^^^^^^^^^^^^^^^^\ndjango.db.utils.IntegrityError: NOT NULL constraint failed: quizzes_quiz.created_by_id\n",
    "time": "2025-11-17 13:57:56.114028"
  },
  {
    "test": "test_search_quiz_no_results (quizzes.tests.test_moduls.TestSearchbar.test_search_quiz_no_results)",
    "status": "ERROR",
    "error": "Traceback (most recent call last):\n  File \"/home/minadroid/venvs/venv-Studiq/lib/python3.12/site-packages/django/db/backends/utils.py\", line 105, in _execute\n    return self.cursor.execute(sql, params)\n           ^^^^^^^^^^^^^^^^^^^^^^^^^^^^^^^^\n  File \"/home/minadroid/venvs/venv-Studiq/lib/python3.12/site-packages/django/db/backends/sqlite3/base.py\", line 360, in execute\n    return super().execute(query, params)\n           ^^^^^^^^^^^^^^^^^^^^^^^^^^^^^^\nsqlite3.IntegrityError: NOT NULL constraint failed: quizzes_quiz.created_by_id\n\nThe above exception was the direct cause of the following exception:\n\nTraceback (most recent call last):\n  File \"/home/minadroid/Uni/StudIQ/src/server/quizzes/tests/test_moduls.py\", line 66, in setUp\n    self.quiz1 = Quiz.objects.create(title=\"Algebra Basics\", description=\"Basic algebra quiz\", lernset=self.lernset)\n                 ^^^^^^^^^^^^^^^^^^^^^^^^^^^^^^^^^^^^^^^^^^^^^^^^^^^^^^^^^^^^^^^^^^^^^^^^^^^^^^^^^^^^^^^^^^^^^^^^^^^\n  File \"/home/minadroid/venvs/venv-Studiq/lib/python3.12/site-packages/django/db/models/manager.py\", line 87, in manager_method\n    return getattr(self.get_queryset(), name)(*args, **kwargs)\n           ^^^^^^^^^^^^^^^^^^^^^^^^^^^^^^^^^^^^^^^^^^^^^^^^^^^\n  File \"/home/minadroid/venvs/venv-Studiq/lib/python3.12/site-packages/django/db/models/query.py\", line 663, in create\n    obj.save(force_insert=True, using=self.db)\n  File \"/home/minadroid/venvs/venv-Studiq/lib/python3.12/site-packages/django/db/models/base.py\", line 902, in save\n    self.save_base(\n  File \"/home/minadroid/venvs/venv-Studiq/lib/python3.12/site-packages/django/db/models/base.py\", line 1008, in save_base\n    updated = self._save_table(\n              ^^^^^^^^^^^^^^^^^\n  File \"/home/minadroid/venvs/venv-Studiq/lib/python3.12/site-packages/django/db/models/base.py\", line 1169, in _save_table\n    results = self._do_insert(\n              ^^^^^^^^^^^^^^^^\n  File \"/home/minadroid/venvs/venv-Studiq/lib/python3.12/site-packages/django/db/models/base.py\", line 1210, in _do_insert\n    return manager._insert(\n           ^^^^^^^^^^^^^^^^\n  File \"/home/minadroid/venvs/venv-Studiq/lib/python3.12/site-packages/django/db/models/manager.py\", line 87, in manager_method\n    return getattr(self.get_queryset(), name)(*args, **kwargs)\n           ^^^^^^^^^^^^^^^^^^^^^^^^^^^^^^^^^^^^^^^^^^^^^^^^^^^\n  File \"/home/minadroid/venvs/venv-Studiq/lib/python3.12/site-packages/django/db/models/query.py\", line 1868, in _insert\n    return query.get_compiler(using=using).execute_sql(returning_fields)\n           ^^^^^^^^^^^^^^^^^^^^^^^^^^^^^^^^^^^^^^^^^^^^^^^^^^^^^^^^^^^^^\n  File \"/home/minadroid/venvs/venv-Studiq/lib/python3.12/site-packages/django/db/models/sql/compiler.py\", line 1882, in execute_sql\n    cursor.execute(sql, params)\n  File \"/home/minadroid/venvs/venv-Studiq/lib/python3.12/site-packages/django/db/backends/utils.py\", line 79, in execute\n    return self._execute_with_wrappers(\n           ^^^^^^^^^^^^^^^^^^^^^^^^^^^^\n  File \"/home/minadroid/venvs/venv-Studiq/lib/python3.12/site-packages/django/db/backends/utils.py\", line 92, in _execute_with_wrappers\n    return executor(sql, params, many, context)\n           ^^^^^^^^^^^^^^^^^^^^^^^^^^^^^^^^^^^^\n  File \"/home/minadroid/venvs/venv-Studiq/lib/python3.12/site-packages/django/db/backends/utils.py\", line 100, in _execute\n    with self.db.wrap_database_errors:\n  File \"/home/minadroid/venvs/venv-Studiq/lib/python3.12/site-packages/django/db/utils.py\", line 91, in __exit__\n    raise dj_exc_value.with_traceback(traceback) from exc_value\n  File \"/home/minadroid/venvs/venv-Studiq/lib/python3.12/site-packages/django/db/backends/utils.py\", line 105, in _execute\n    return self.cursor.execute(sql, params)\n           ^^^^^^^^^^^^^^^^^^^^^^^^^^^^^^^^\n  File \"/home/minadroid/venvs/venv-Studiq/lib/python3.12/site-packages/django/db/backends/sqlite3/base.py\", line 360, in execute\n    return super().execute(query, params)\n           ^^^^^^^^^^^^^^^^^^^^^^^^^^^^^^\ndjango.db.utils.IntegrityError: NOT NULL constraint failed: quizzes_quiz.created_by_id\n",
    "time": "2025-11-17 13:57:56.117270"
  }
]